# JRE version: Java(TM) SE Runtime Environment (8.0_101-b13) (build 1.8.0_101-b13)
# Java VM: Java HotSpot(TM) 64-Bit Server VM (25.101-b13 mixed mode bsd-amd64 compressed oops)
Heap:
 PSYoungGen      total 285184K, used 125480K [0x00000007aab00000, 0x00000007bee80000, 0x00000007c0000000)
  eden space 241152K, 48% used [0x00000007aab00000,0x00000007b1d85dd0,0x00000007b9680000)
  from space 44032K, 18% used [0x00000007bc380000,0x00000007bcb845f0,0x00000007bee80000)
  to   space 45056K, 0% used [0x00000007b9680000,0x00000007b9680000,0x00000007bc280000)
 ParOldGen       total 699392K, used 135275K [0x0000000780000000, 0x00000007aab00000, 0x00000007aab00000)
  object space 699392K, 19% used [0x0000000780000000,0x000000078841afc8,0x00000007aab00000)
 Metaspace       used 195984K, capacity 210207K, committed 216536K, reserved 1230848K
  class space    used 30882K, capacity 31974K, committed 35328K, reserved 1048576K
GC Heap History (10 events):
Event: 21533.493 GC heap before
{Heap before GC invocations=226 (full 67):
 PSYoungGen      total 274944K, used 15719K [0x00000007aab00000, 0x00000007bec00000, 0x00000007c0000000)
  eden space 222720K, 0% used [0x00000007aab00000,0x00000007aab00000,0x00000007b8480000)
  from space 52224K, 30% used [0x00000007b8480000,0x00000007b93d9f20,0x00000007bb780000)
  to   space 49152K, 0% used [0x00000007bbc00000,0x00000007bbc00000,0x00000007bec00000)
 ParOldGen       total 699392K, used 133834K [0x0000000780000000, 0x00000007aab00000, 0x00000007aab00000)
  object space 699392K, 19% used [0x0000000780000000,0x00000007882b2ba0,0x00000007aab00000)
 Metaspace       used 195654K, capacity 209835K, committed 216536K, reserved 1230848K
  class space    used 30847K, capacity 31974K, committed 35328K, reserved 1048576K
Event: 21534.397 GC heap after
Heap after GC invocations=226 (full 67):
 PSYoungGen      total 274944K, used 0K [0x00000007aab00000, 0x00000007bec00000, 0x00000007c0000000)
  eden space 222720K, 0% used [0x00000007aab00000,0x00000007aab00000,0x00000007b8480000)
  from space 52224K, 0% used [0x00000007b8480000,0x00000007b8480000,0x00000007bb780000)
  to   space 49152K, 0% used [0x00000007bbc00000,0x00000007bbc00000,0x00000007bec00000)
 ParOldGen       total 699392K, used 139105K [0x0000000780000000, 0x00000007aab00000, 0x00000007aab00000)
  object space 699392K, 19% used [0x0000000780000000,0x00000007887d8710,0x00000007aab00000)
 Metaspace       used 190603K, capacity 204095K, committed 216536K, reserved 1230848K
  class space    used 30095K, capacity 31102K, committed 35328K, reserved 1048576K
}
Event: 21534.402 GC heap before
{Heap before GC invocations=227 (full 67):
 PSYoungGen      total 274944K, used 1052K [0x00000007aab00000, 0x00000007bec00000, 0x00000007c0000000)
  eden space 222720K, 0% used [0x00000007aab00000,0x00000007aac073b8,0x00000007b8480000)
  from space 52224K, 0% used [0x00000007b8480000,0x00000007b8480000,0x00000007bb780000)
  to   space 49152K, 0% used [0x00000007bbc00000,0x00000007bbc00000,0x00000007bec00000)
 ParOldGen       total 699392K, used 139105K [0x0000000780000000, 0x00000007aab00000, 0x00000007aab00000)
  object space 699392K, 19% used [0x0000000780000000,0x00000007887d8710,0x00000007aab00000)
 Metaspace       used 190603K, capacity 204095K, committed 216536K, reserved 1230848K
  class space    used 30095K, capacity 31102K, committed 35328K, reserved 1048576K
Event: 21534.410 GC heap after
Heap after GC invocations=227 (full 67):
 PSYoungGen      total 278528K, used 64K [0x00000007aab00000, 0x00000007beb00000, 0x00000007c0000000)
  eden space 230400K, 0% used [0x00000007aab00000,0x00000007aab00000,0x00000007b8c00000)
  from space 48128K, 0% used [0x00000007bbc00000,0x00000007bbc10000,0x00000007beb00000)
  to   space 48640K, 0% used [0x00000007b8c00000,0x00000007b8c00000,0x00000007bbb80000)
 ParOldGen       total 699392K, used 139105K [0x0000000780000000, 0x00000007aab00000, 0x00000007aab00000)
  object space 699392K, 19% used [0x0000000780000000,0x00000007887d8710,0x00000007aab00000)
 Metaspace       used 190603K, capacity 204095K, committed 216536K, reserved 1230848K
  class space    used 30095K, capacity 31102K, committed 35328K, reserved 1048576K
}
Event: 21534.410 GC heap before
{Heap before GC invocations=228 (full 68):
 PSYoungGen      total 278528K, used 64K [0x00000007aab00000, 0x00000007beb00000, 0x00000007c0000000)
  eden space 230400K, 0% used [0x00000007aab00000,0x00000007aab00000,0x00000007b8c00000)
  from space 48128K, 0% used [0x00000007bbc00000,0x00000007bbc10000,0x00000007beb00000)
  to   space 48640K, 0% used [0x00000007b8c00000,0x00000007b8c00000,0x00000007bbb80000)
 ParOldGen       total 699392K, used 139105K [0x0000000780000000, 0x00000007aab00000, 0x00000007aab00000)
  object space 699392K, 19% used [0x0000000780000000,0x00000007887d8710,0x00000007aab00000)
 Metaspace       used 190603K, capacity 204095K, committed 216536K, reserved 1230848K
  class space    used 30095K, capacity 31102K, committed 35328K, reserved 1048576K
Event: 21534.855 GC heap after
Heap after GC invocations=228 (full 68):
 PSYoungGen      total 278528K, used 0K [0x00000007aab00000, 0x00000007beb00000, 0x00000007c0000000)
  eden space 230400K, 0% used [0x00000007aab00000,0x00000007aab00000,0x00000007b8c00000)
  from space 48128K, 0% used [0x00000007bbc00000,0x00000007bbc00000,0x00000007beb00000)
  to   space 48640K, 0% used [0x00000007b8c00000,0x00000007b8c00000,0x00000007bbb80000)
 ParOldGen       total 699392K, used 135259K [0x0000000780000000, 0x00000007aab00000, 0x00000007aab00000)
  object space 699392K, 19% used [0x0000000780000000,0x0000000788416fc8,0x00000007aab00000)
 Metaspace       used 190603K, capacity 204095K, committed 216536K, reserved 1230848K
  class space    used 30095K, capacity 31102K, committed 35328K, reserved 1048576K
}
Event: 21564.786 GC heap before
{Heap before GC invocations=229 (full 68):
 PSYoungGen      total 278528K, used 230400K [0x00000007aab00000, 0x00000007beb00000, 0x00000007c0000000)
  eden space 230400K, 100% used [0x00000007aab00000,0x00000007b8c00000,0x00000007b8c00000)
  from space 48128K, 0% used [0x00000007bbc00000,0x00000007bbc00000,0x00000007beb00000)
  to   space 48640K, 0% used [0x00000007b8c00000,0x00000007b8c00000,0x00000007bbb80000)
 ParOldGen       total 699392K, used 135259K [0x0000000780000000, 0x00000007aab00000, 0x00000007aab00000)
  object space 699392K, 19% used [0x0000000780000000,0x0000000788416fc8,0x00000007aab00000)
 Metaspace       used 193257K, capacity 207089K, committed 216536K, reserved 1230848K
  class space    used 30484K, capacity 31533K, committed 35328K, reserved 1048576K
Event: 21564.825 GC heap after
Heap after GC invocations=229 (full 68):
 PSYoungGen      total 279040K, used 5387K [0x00000007aab00000, 0x00000007bf180000, 0x00000007c0000000)
  eden space 230400K, 0% used [0x00000007aab00000,0x00000007aab00000,0x00000007b8c00000)
  from space 48640K, 11% used [0x00000007b8c00000,0x00000007b9142e30,0x00000007bbb80000)
  to   space 47104K, 0% used [0x00000007bc380000,0x00000007bc380000,0x00000007bf180000)
 ParOldGen       total 699392K, used 135267K [0x0000000780000000, 0x00000007aab00000, 0x00000007aab00000)
  object space 699392K, 19% used [0x0000000780000000,0x0000000788418fc8,0x00000007aab00000)
 Metaspace       used 193257K, capacity 207089K, committed 216536K, reserved 1230848K
  class space    used 30484K, capacity 31533K, committed 35328K, reserved 1048576K
}
Event: 21568.131 GC heap before
{Heap before GC invocations=230 (full 68):
 PSYoungGen      total 279040K, used 235787K [0x00000007aab00000, 0x00000007bf180000, 0x00000007c0000000)
  eden space 230400K, 100% used [0x00000007aab00000,0x00000007b8c00000,0x00000007b8c00000)
  from space 48640K, 11% used [0x00000007b8c00000,0x00000007b9142e30,0x00000007bbb80000)
  to   space 47104K, 0% used [0x00000007bc380000,0x00000007bc380000,0x00000007bf180000)
 ParOldGen       total 699392K, used 135267K [0x0000000780000000, 0x00000007aab00000, 0x00000007aab00000)
  object space 699392K, 19% used [0x0000000780000000,0x0000000788418fc8,0x00000007aab00000)
 Metaspace       used 194362K, capacity 208257K, committed 216536K, reserved 1230848K
  class space    used 30783K, capacity 31861K, committed 35328K, reserved 1048576K
Event: 21568.156 GC heap after
Heap after GC invocations=230 (full 68):
 PSYoungGen      total 285184K, used 8209K [0x00000007aab00000, 0x00000007bee80000, 0x00000007c0000000)
  eden space 241152K, 0% used [0x00000007aab00000,0x00000007aab00000,0x00000007b9680000)
  from space 44032K, 18% used [0x00000007bc380000,0x00000007bcb845f0,0x00000007bee80000)
  to   space 45056K, 0% used [0x00000007b9680000,0x00000007b9680000,0x00000007bc280000)
 ParOldGen       total 699392K, used 135275K [0x0000000780000000, 0x00000007aab00000, 0x00000007aab00000)
  object space 699392K, 19% used [0x0000000780000000,0x000000078841afc8,0x00000007aab00000)
 Metaspace       used 194362K, capacity 208257K, committed 216536K, reserved 1230848K
  class space    used 30783K, capacity 31861K, committed 35328K, reserved 1048576K
}

