# JRE version: Java(TM) SE Runtime Environment (8.0_101-b13) (build 1.8.0_101-b13)
# Java VM: Java HotSpot(TM) 64-Bit Server VM (25.101-b13 mixed mode bsd-amd64 compressed oops)
Heap:
 PSYoungGen      total 308736K, used 144052K [0x00000007aab00000, 0x00000007c0000000, 0x00000007c0000000)
  eden space 269312K, 45% used [0x00000007aab00000,0x00000007b21c1840,0x00000007bb200000)
  from space 39424K, 56% used [0x00000007bd980000,0x00000007bef6b8f0,0x00000007c0000000)
  to   space 39936K, 0% used [0x00000007bb200000,0x00000007bb200000,0x00000007bd900000)
 ParOldGen       total 699392K, used 133209K [0x0000000780000000, 0x00000007aab00000, 0x00000007aab00000)
  object space 699392K, 19% used [0x0000000780000000,0x00000007882165b0,0x00000007aab00000)
 Metaspace       used 192840K, capacity 206365K, committed 206640K, reserved 1224704K
  class space    used 30235K, capacity 31278K, committed 31360K, reserved 1048576K
GC Heap History (10 events):
Event: 11037.926 GC heap before
{Heap before GC invocations=160 (full 56):
 PSYoungGen      total 299520K, used 258560K [0x00000007aab00000, 0x00000007bf780000, 0x00000007c0000000)
  eden space 258560K, 100% used [0x00000007aab00000,0x00000007ba780000,0x00000007ba780000)
  from space 40960K, 0% used [0x00000007ba780000,0x00000007ba780000,0x00000007bcf80000)
  to   space 40960K, 0% used [0x00000007bcf80000,0x00000007bcf80000,0x00000007bf780000)
 ParOldGen       total 699392K, used 133161K [0x0000000780000000, 0x00000007aab00000, 0x00000007aab00000)
  object space 699392K, 19% used [0x0000000780000000,0x000000078820a5b0,0x00000007aab00000)
 Metaspace       used 187508K, capacity 201093K, committed 202416K, reserved 1220608K
  class space    used 29503K, capacity 30570K, committed 30720K, reserved 1048576K
Event: 11038.305 GC heap after
Heap after GC invocations=160 (full 56):
 PSYoungGen      total 287232K, used 9611K [0x00000007aab00000, 0x00000007bef00000, 0x00000007c0000000)
  eden space 254976K, 0% used [0x00000007aab00000,0x00000007aab00000,0x00000007ba400000)
  from space 32256K, 29% used [0x00000007bcf80000,0x00000007bd8e2fe8,0x00000007bef00000)
  to   space 38400K, 0% used [0x00000007ba400000,0x00000007ba400000,0x00000007bc980000)
 ParOldGen       total 699392K, used 133169K [0x0000000780000000, 0x00000007aab00000, 0x00000007aab00000)
  object space 699392K, 19% used [0x0000000780000000,0x000000078820c5b0,0x00000007aab00000)
 Metaspace       used 187508K, capacity 201093K, committed 202416K, reserved 1220608K
  class space    used 29503K, capacity 30570K, committed 30720K, reserved 1048576K
}
Event: 11044.886 GC heap before
{Heap before GC invocations=161 (full 56):
 PSYoungGen      total 287232K, used 264587K [0x00000007aab00000, 0x00000007bef00000, 0x00000007c0000000)
  eden space 254976K, 100% used [0x00000007aab00000,0x00000007ba400000,0x00000007ba400000)
  from space 32256K, 29% used [0x00000007bcf80000,0x00000007bd8e2fe8,0x00000007bef00000)
  to   space 38400K, 0% used [0x00000007ba400000,0x00000007ba400000,0x00000007bc980000)
 ParOldGen       total 699392K, used 133169K [0x0000000780000000, 0x00000007aab00000, 0x00000007aab00000)
  object space 699392K, 19% used [0x0000000780000000,0x000000078820c5b0,0x00000007aab00000)
 Metaspace       used 192140K, capacity 205707K, committed 206000K, reserved 1224704K
  class space    used 30107K, capacity 31147K, committed 31232K, reserved 1048576K
Event: 11044.996 GC heap after
Heap after GC invocations=161 (full 56):
 PSYoungGen      total 271360K, used 19627K [0x00000007aab00000, 0x00000007bec80000, 0x00000007c0000000)
  eden space 251392K, 0% used [0x00000007aab00000,0x00000007aab00000,0x00000007ba080000)
  from space 19968K, 98% used [0x00000007ba400000,0x00000007bb72ae28,0x00000007bb780000)
  to   space 38912K, 0% used [0x00000007bc680000,0x00000007bc680000,0x00000007bec80000)
 ParOldGen       total 699392K, used 133177K [0x0000000780000000, 0x00000007aab00000, 0x00000007aab00000)
  object space 699392K, 19% used [0x0000000780000000,0x000000078820e5b0,0x00000007aab00000)
 Metaspace       used 192140K, capacity 205707K, committed 206000K, reserved 1224704K
  class space    used 30107K, capacity 31147K, committed 31232K, reserved 1048576K
}
Event: 11046.933 GC heap before
{Heap before GC invocations=162 (full 56):
 PSYoungGen      total 271360K, used 271019K [0x00000007aab00000, 0x00000007bec80000, 0x00000007c0000000)
  eden space 251392K, 100% used [0x00000007aab00000,0x00000007ba080000,0x00000007ba080000)
  from space 19968K, 98% used [0x00000007ba400000,0x00000007bb72ae28,0x00000007bb780000)
  to   space 38912K, 0% used [0x00000007bc680000,0x00000007bc680000,0x00000007bec80000)
 ParOldGen       total 699392K, used 133177K [0x0000000780000000, 0x00000007aab00000, 0x00000007aab00000)
  object space 699392K, 19% used [0x0000000780000000,0x000000078820e5b0,0x00000007aab00000)
 Metaspace       used 192232K, capacity 205771K, committed 206256K, reserved 1224704K
  class space    used 30107K, capacity 31147K, committed 31232K, reserved 1048576K
Event: 11047.009 GC heap after
Heap after GC invocations=162 (full 56):
 PSYoungGen      total 289792K, used 21229K [0x00000007aab00000, 0x00000007c0000000, 0x00000007c0000000)
  eden space 250880K, 0% used [0x00000007aab00000,0x00000007aab00000,0x00000007ba000000)
  from space 38912K, 54% used [0x00000007bc680000,0x00000007bdb3b6b0,0x00000007bec80000)
  to   space 39424K, 0% used [0x00000007ba000000,0x00000007ba000000,0x00000007bc680000)
 ParOldGen       total 699392K, used 133193K [0x0000000780000000, 0x00000007aab00000, 0x00000007aab00000)
  object space 699392K, 19% used [0x0000000780000000,0x00000007882125b0,0x00000007aab00000)
 Metaspace       used 192232K, capacity 205771K, committed 206256K, reserved 1224704K
  class space    used 30107K, capacity 31147K, committed 31232K, reserved 1048576K
}
Event: 11048.377 GC heap before
{Heap before GC invocations=163 (full 56):
 PSYoungGen      total 289792K, used 272109K [0x00000007aab00000, 0x00000007c0000000, 0x00000007c0000000)
  eden space 250880K, 100% used [0x00000007aab00000,0x00000007ba000000,0x00000007ba000000)
  from space 38912K, 54% used [0x00000007bc680000,0x00000007bdb3b6b0,0x00000007bec80000)
  to   space 39424K, 0% used [0x00000007ba000000,0x00000007ba000000,0x00000007bc680000)
 ParOldGen       total 699392K, used 133193K [0x0000000780000000, 0x00000007aab00000, 0x00000007aab00000)
  object space 699392K, 19% used [0x0000000780000000,0x00000007882125b0,0x00000007aab00000)
 Metaspace       used 192244K, capacity 205771K, committed 206256K, reserved 1224704K
  class space    used 30107K, capacity 31147K, committed 31232K, reserved 1048576K
Event: 11048.400 GC heap after
Heap after GC invocations=163 (full 56):
 PSYoungGen      total 290304K, used 20950K [0x00000007aab00000, 0x00000007c0000000, 0x00000007c0000000)
  eden space 250880K, 0% used [0x00000007aab00000,0x00000007aab00000,0x00000007ba000000)
  from space 39424K, 53% used [0x00000007ba000000,0x00000007bb475b00,0x00000007bc680000)
  to   space 39424K, 0% used [0x00000007bd980000,0x00000007bd980000,0x00000007c0000000)
 ParOldGen       total 699392K, used 133201K [0x0000000780000000, 0x00000007aab00000, 0x00000007aab00000)
  object space 699392K, 19% used [0x0000000780000000,0x00000007882145b0,0x00000007aab00000)
 Metaspace       used 192244K, capacity 205771K, committed 206256K, reserved 1224704K
  class space    used 30107K, capacity 31147K, committed 31232K, reserved 1048576K
}
Event: 11049.706 GC heap before
{Heap before GC invocations=164 (full 56):
 PSYoungGen      total 290304K, used 271830K [0x00000007aab00000, 0x00000007c0000000, 0x00000007c0000000)
  eden space 250880K, 100% used [0x00000007aab00000,0x00000007ba000000,0x00000007ba000000)
  from space 39424K, 53% used [0x00000007ba000000,0x00000007bb475b00,0x00000007bc680000)
  to   space 39424K, 0% used [0x00000007bd980000,0x00000007bd980000,0x00000007c0000000)
 ParOldGen       total 699392K, used 133201K [0x0000000780000000, 0x00000007aab00000, 0x00000007aab00000)
  object space 699392K, 19% used [0x0000000780000000,0x00000007882145b0,0x00000007aab00000)
 Metaspace       used 192346K, capacity 205835K, committed 206256K, reserved 1224704K
  class space    used 30116K, capacity 31147K, committed 31232K, reserved 1048576K
Event: 11049.801 GC heap after
Heap after GC invocations=164 (full 56):
 PSYoungGen      total 308736K, used 22446K [0x00000007aab00000, 0x00000007c0000000, 0x00000007c0000000)
  eden space 269312K, 0% used [0x00000007aab00000,0x00000007aab00000,0x00000007bb200000)
  from space 39424K, 56% used [0x00000007bd980000,0x00000007bef6b8f0,0x00000007c0000000)
  to   space 39936K, 0% used [0x00000007bb200000,0x00000007bb200000,0x00000007bd900000)
 ParOldGen       total 699392K, used 133209K [0x0000000780000000, 0x00000007aab00000, 0x00000007aab00000)
  object space 699392K, 19% used [0x0000000780000000,0x00000007882165b0,0x00000007aab00000)
 Metaspace       used 192346K, capacity 205835K, committed 206256K, reserved 1224704K
  class space    used 30116K, capacity 31147K, committed 31232K, reserved 1048576K
}

